# JRE version: Java(TM) SE Runtime Environment 18.9 (11.0.19+9) (build 11.0.19+9-LTS-224)
# Java VM: Java HotSpot(TM) 64-Bit Server VM 18.9 (11.0.19+9-LTS-224, mixed mode, tiered, compressed oops, g1 gc, windows-amd64)
Heap:
 garbage-first heap   total 162816K, used 128000K [0x0000000080000000, 0x0000000100000000)
  region size 1024K, 11 young (11264K), 2 survivors (2048K)
 Metaspace       used 95731K, capacity 98957K, committed 99164K, reserved 602112K
  class space    used 12790K, capacity 14103K, committed 14156K, reserved 516096K
GC Heap History (10 events):
Event: 98.901 GC heap before
{Heap before GC invocations=64 (full 0):
 garbage-first heap   total 124928K, used 120727K [0x0000000080000000, 0x0000000100000000)
  region size 1024K, 6 young (6144K), 1 survivors (1024K)
 Metaspace       used 94313K, capacity 97410K, committed 97628K, reserved 600064K
  class space    used 12585K, capacity 13843K, committed 13900K, reserved 516096K
}
Event: 98.904 GC heap after
{Heap after GC invocations=65 (full 0):
 garbage-first heap   total 124928K, used 117185K [0x0000000080000000, 0x0000000100000000)
  region size 1024K, 1 young (1024K), 1 survivors (1024K)
 Metaspace       used 94313K, capacity 97410K, committed 97628K, reserved 600064K
  class space    used 12585K, capacity 13843K, committed 13900K, reserved 516096K
}
Event: 99.039 GC heap before
{Heap before GC invocations=65 (full 0):
 garbage-first heap   total 124928K, used 122305K [0x0000000080000000, 0x0000000100000000)
  region size 1024K, 6 young (6144K), 1 survivors (1024K)
 Metaspace       used 94489K, capacity 97634K, committed 97884K, reserved 602112K
  class space    used 12609K, capacity 13875K, committed 13900K, reserved 516096K
}
Event: 99.043 GC heap after
{Heap after GC invocations=66 (full 0):
 garbage-first heap   total 124928K, used 117369K [0x0000000080000000, 0x0000000100000000)
  region size 1024K, 1 young (1024K), 1 survivors (1024K)
 Metaspace       used 94489K, capacity 97634K, committed 97884K, reserved 602112K
  class space    used 12609K, capacity 13875K, committed 13900K, reserved 516096K
}
Event: 99.259 GC heap before
{Heap before GC invocations=67 (full 0):
 garbage-first heap   total 124928K, used 122489K [0x0000000080000000, 0x0000000100000000)
  region size 1024K, 6 young (6144K), 1 survivors (1024K)
 Metaspace       used 94637K, capacity 97760K, committed 98012K, reserved 602112K
  class space    used 12646K, capacity 13921K, committed 14028K, reserved 516096K
}
Event: 99.286 GC heap after
{Heap after GC invocations=68 (full 0):
 garbage-first heap   total 124928K, used 117769K [0x0000000080000000, 0x0000000100000000)
  region size 1024K, 1 young (1024K), 1 survivors (1024K)
 Metaspace       used 94637K, capacity 97760K, committed 98012K, reserved 602112K
  class space    used 12646K, capacity 13921K, committed 14028K, reserved 516096K
}
Event: 99.456 GC heap before
{Heap before GC invocations=68 (full 0):
 garbage-first heap   total 124928K, used 122889K [0x0000000080000000, 0x0000000100000000)
  region size 1024K, 6 young (6144K), 1 survivors (1024K)
 Metaspace       used 94994K, capacity 98181K, committed 98268K, reserved 602112K
  class space    used 12695K, capacity 13997K, committed 14028K, reserved 516096K
}
Event: 99.462 GC heap after
{Heap after GC invocations=69 (full 0):
 garbage-first heap   total 162816K, used 118325K [0x0000000080000000, 0x0000000100000000)
  region size 1024K, 1 young (1024K), 1 survivors (1024K)
 Metaspace       used 94994K, capacity 98181K, committed 98268K, reserved 602112K
  class space    used 12695K, capacity 13997K, committed 14028K, reserved 516096K
}
Event: 100.048 GC heap before
{Heap before GC invocations=70 (full 0):
 garbage-first heap   total 162816K, used 131637K [0x0000000080000000, 0x0000000100000000)
  region size 1024K, 14 young (14336K), 1 survivors (1024K)
 Metaspace       used 95274K, capacity 98391K, committed 98524K, reserved 602112K
  class space    used 12727K, capacity 14002K, committed 14028K, reserved 516096K
}
Event: 100.052 GC heap after
{Heap after GC invocations=71 (full 0):
 garbage-first heap   total 162816K, used 119808K [0x0000000080000000, 0x0000000100000000)
  region size 1024K, 2 young (2048K), 2 survivors (2048K)
 Metaspace       used 95274K, capacity 98391K, committed 98524K, reserved 602112K
  class space    used 12727K, capacity 14002K, committed 14028K, reserved 516096K
}

