# JRE version: Java(TM) SE Runtime Environment 18.9 (11.0.19+9) (build 11.0.19+9-LTS-224)
# Java VM: Java HotSpot(TM) 64-Bit Server VM 18.9 (11.0.19+9-LTS-224, mixed mode, tiered, compressed oops, g1 gc, windows-amd64)
Heap:
 garbage-first heap   total 120832K, used 117013K [0x0000000080000000, 0x0000000100000000)
  region size 1024K, 4 young (4096K), 1 survivors (1024K)
 Metaspace       used 93066K, capacity 96176K, committed 96304K, reserved 600064K
  class space    used 12423K, capacity 13643K, committed 13696K, reserved 516096K
GC Heap History (10 events):
Event: 97.338 GC heap before
{Heap before GC invocations=59 (full 0):
 garbage-first heap   total 120832K, used 106472K [0x0000000080000000, 0x0000000100000000)
  region size 1024K, 5 young (5120K), 1 survivors (1024K)
 Metaspace       used 93003K, capacity 95951K, committed 96048K, reserved 600064K
  class space    used 12419K, capacity 13637K, committed 13696K, reserved 516096K
}
Event: 97.342 GC heap after
{Heap after GC invocations=60 (full 0):
 garbage-first heap   total 120832K, used 102892K [0x0000000080000000, 0x0000000100000000)
  region size 1024K, 1 young (1024K), 1 survivors (1024K)
 Metaspace       used 93003K, capacity 95951K, committed 96048K, reserved 600064K
  class space    used 12419K, capacity 13637K, committed 13696K, reserved 516096K
}
Event: 97.449 GC heap before
{Heap before GC invocations=60 (full 0):
 garbage-first heap   total 120832K, used 105964K [0x0000000080000000, 0x0000000100000000)
  region size 1024K, 5 young (5120K), 1 survivors (1024K)
 Metaspace       used 93003K, capacity 95951K, committed 96048K, reserved 600064K
  class space    used 12419K, capacity 13637K, committed 13696K, reserved 516096K
}
Event: 97.452 GC heap after
{Heap after GC invocations=61 (full 0):
 garbage-first heap   total 120832K, used 103181K [0x0000000080000000, 0x0000000100000000)
  region size 1024K, 1 young (1024K), 1 survivors (1024K)
 Metaspace       used 93003K, capacity 95951K, committed 96048K, reserved 600064K
  class space    used 12419K, capacity 13637K, committed 13696K, reserved 516096K
}
Event: 100.263 GC heap before
{Heap before GC invocations=62 (full 0):
 garbage-first heap   total 120832K, used 107277K [0x0000000080000000, 0x0000000100000000)
  region size 1024K, 5 young (5120K), 1 survivors (1024K)
 Metaspace       used 93039K, capacity 96094K, committed 96304K, reserved 600064K
  class space    used 12421K, capacity 13641K, committed 13696K, reserved 516096K
}
Event: 100.267 GC heap after
{Heap after GC invocations=63 (full 0):
 garbage-first heap   total 120832K, used 104012K [0x0000000080000000, 0x0000000100000000)
  region size 1024K, 1 young (1024K), 1 survivors (1024K)
 Metaspace       used 93039K, capacity 96094K, committed 96304K, reserved 600064K
  class space    used 12421K, capacity 13641K, committed 13696K, reserved 516096K
}
Event: 100.453 GC heap before
{Heap before GC invocations=63 (full 0):
 garbage-first heap   total 120832K, used 113228K [0x0000000080000000, 0x0000000100000000)
  region size 1024K, 5 young (5120K), 1 survivors (1024K)
 Metaspace       used 93039K, capacity 96094K, committed 96304K, reserved 600064K
  class space    used 12421K, capacity 13641K, committed 13696K, reserved 516096K
}
Event: 100.457 GC heap after
{Heap after GC invocations=64 (full 0):
 garbage-first heap   total 120832K, used 111681K [0x0000000080000000, 0x0000000100000000)
  region size 1024K, 1 young (1024K), 1 survivors (1024K)
 Metaspace       used 93039K, capacity 96094K, committed 96304K, reserved 600064K
  class space    used 12421K, capacity 13641K, committed 13696K, reserved 516096K
}
Event: 100.495 GC heap before
{Heap before GC invocations=64 (full 0):
 garbage-first heap   total 120832K, used 113729K [0x0000000080000000, 0x0000000100000000)
  region size 1024K, 5 young (5120K), 1 survivors (1024K)
 Metaspace       used 93042K, capacity 96094K, committed 96304K, reserved 600064K
  class space    used 12421K, capacity 13641K, committed 13696K, reserved 516096K
}
Event: 100.499 GC heap after
{Heap after GC invocations=65 (full 0):
 garbage-first heap   total 120832K, used 113941K [0x0000000080000000, 0x0000000100000000)
  region size 1024K, 1 young (1024K), 1 survivors (1024K)
 Metaspace       used 93042K, capacity 96094K, committed 96304K, reserved 600064K
  class space    used 12421K, capacity 13641K, committed 13696K, reserved 516096K
}

