# JRE version: Java(TM) SE Runtime Environment 18.9 (11.0.19+9) (build 11.0.19+9-LTS-224)
# Java VM: Java HotSpot(TM) 64-Bit Server VM 18.9 (11.0.19+9-LTS-224, mixed mode, tiered, compressed oops, g1 gc, windows-amd64)
Heap:
 garbage-first heap   total 125952K, used 117112K [0x0000000080000000, 0x0000000100000000)
  region size 1024K, 2 young (2048K), 1 survivors (1024K)
 Metaspace       used 94576K, capacity 97654K, committed 97884K, reserved 602112K
  class space    used 12632K, capacity 13887K, committed 13900K, reserved 516096K
GC Heap History (10 events):
Event: 99.475 GC heap before
{Heap before GC invocations=64 (full 0):
 garbage-first heap   total 120832K, used 118116K [0x0000000080000000, 0x0000000100000000)
  region size 1024K, 5 young (5120K), 1 survivors (1024K)
 Metaspace       used 93141K, capacity 96242K, committed 96476K, reserved 600064K
  class space    used 12436K, capacity 13713K, committed 13772K, reserved 516096K
}
Event: 99.479 GC heap after
{Heap after GC invocations=65 (full 0):
 garbage-first heap   total 122880K, used 117175K [0x0000000080000000, 0x0000000100000000)
  region size 1024K, 1 young (1024K), 1 survivors (1024K)
 Metaspace       used 93141K, capacity 96242K, committed 96476K, reserved 600064K
  class space    used 12436K, capacity 13713K, committed 13772K, reserved 516096K
}
Event: 99.848 GC heap before
{Heap before GC invocations=65 (full 0):
 garbage-first heap   total 122880K, used 122295K [0x0000000080000000, 0x0000000100000000)
  region size 1024K, 6 young (6144K), 1 survivors (1024K)
 Metaspace       used 93525K, capacity 96600K, committed 96732K, reserved 600064K
  class space    used 12497K, capacity 13746K, committed 13772K, reserved 516096K
}
Event: 99.852 GC heap after
{Heap after GC invocations=66 (full 0):
 garbage-first heap   total 125952K, used 116391K [0x0000000080000000, 0x0000000100000000)
  region size 1024K, 1 young (1024K), 1 survivors (1024K)
 Metaspace       used 93525K, capacity 96600K, committed 96732K, reserved 600064K
  class space    used 12497K, capacity 13746K, committed 13772K, reserved 516096K
}
Event: 100.083 GC heap before
{Heap before GC invocations=66 (full 0):
 garbage-first heap   total 125952K, used 121511K [0x0000000080000000, 0x0000000100000000)
  region size 1024K, 6 young (6144K), 1 survivors (1024K)
 Metaspace       used 93884K, capacity 96984K, committed 97116K, reserved 600064K
  class space    used 12541K, capacity 13810K, committed 13900K, reserved 516096K
}
Event: 100.089 GC heap after
{Heap after GC invocations=67 (full 0):
 garbage-first heap   total 125952K, used 116508K [0x0000000080000000, 0x0000000100000000)
  region size 1024K, 1 young (1024K), 1 survivors (1024K)
 Metaspace       used 93884K, capacity 96984K, committed 97116K, reserved 600064K
  class space    used 12541K, capacity 13810K, committed 13900K, reserved 516096K
}
Event: 100.293 GC heap before
{Heap before GC invocations=68 (full 0):
 garbage-first heap   total 125952K, used 120604K [0x0000000080000000, 0x0000000100000000)
  region size 1024K, 6 young (6144K), 1 survivors (1024K)
 Metaspace       used 94194K, capacity 97342K, committed 97628K, reserved 600064K
  class space    used 12574K, capacity 13843K, committed 13900K, reserved 516096K
}
Event: 100.298 GC heap after
{Heap after GC invocations=69 (full 0):
 garbage-first heap   total 125952K, used 116940K [0x0000000080000000, 0x0000000100000000)
  region size 1024K, 1 young (1024K), 1 survivors (1024K)
 Metaspace       used 94194K, capacity 97342K, committed 97628K, reserved 600064K
  class space    used 12574K, capacity 13843K, committed 13900K, reserved 516096K
}
Event: 100.483 GC heap before
{Heap before GC invocations=69 (full 0):
 garbage-first heap   total 125952K, used 122060K [0x0000000080000000, 0x0000000100000000)
  region size 1024K, 6 young (6144K), 1 survivors (1024K)
 Metaspace       used 94474K, capacity 97630K, committed 97884K, reserved 602112K
  class space    used 12606K, capacity 13875K, committed 13900K, reserved 516096K
}
Event: 100.487 GC heap after
{Heap after GC invocations=70 (full 0):
 garbage-first heap   total 125952K, used 116727K [0x0000000080000000, 0x0000000100000000)
  region size 1024K, 1 young (1024K), 1 survivors (1024K)
 Metaspace       used 94474K, capacity 97630K, committed 97884K, reserved 602112K
  class space    used 12606K, capacity 13875K, committed 13900K, reserved 516096K
}

